<?xml version="1.0" encoding="UTF-8"?>
<!-- Generated by org.testng.reporters.JUnitXMLReporter -->
<testsuite ignored="43" hostname="DESKTOP-BS11RA5" failures="0" tests="1" name="Test" time="0.057" errors="0" timestamp="2023-11-28T13:07:28 IST">
  <testcase classname="com.Bibhu.Parameterization.parameterizationTest" name="testParameterAtSuiteLevel" time="0.008"/>
  <testcase classname="com.Bibhu.WebAutomation.confirmationPopHandle" name="launchApplication" time="0.0">
    <ignored/>
  </testcase> <!-- launchApplication -->
  <testcase classname="com.Bibhu.ObjectRepository.readPropertiesTest" name="readConfigProperties1" time="0.0">
    <ignored/>
  </testcase> <!-- readConfigProperties1 -->
  <testcase classname="com.Bibhu.WebAutomation.launchChromeBrowser" name="launchApplication" time="0.0">
    <ignored/>
  </testcase> <!-- launchApplication -->
  <testcase classname="com.Bibhu.ObjectRepository.readPropertiesTest" name="readConfigProperties2" time="0.0">
    <ignored/>
  </testcase> <!-- readConfigProperties2 -->
  <testcase classname="com.Bibhu.WebAutomation.checkBox" name="launchApplication" time="0.0">
    <ignored/>
  </testcase> <!-- launchApplication -->
  <testcase classname="com.Bibhu.WebAutomation.launchChromeBrowser" name="verifyHomePageTitle" time="0.0">
    <ignored/>
  </testcase> <!-- verifyHomePageTitle -->
  <testcase classname="com.Bibhu.WebAutomation.WindowsHandle" name="titleofWindows" time="0.0">
    <ignored/>
  </testcase> <!-- titleofWindows -->
  <testcase classname="com.Bibhu.WebAutomation.launchChromeBrowser" name="launchBrowser" time="0.0">
    <ignored/>
  </testcase> <!-- launchBrowser -->
  <testcase classname="com.Bibhu.WebAutomation.WindowsHandle" name="windowsOperations" time="0.0">
    <ignored/>
  </testcase> <!-- windowsOperations -->
  <testcase classname="com.Bibhu.WebAutomation.IframesHandle" name="launchBrowser" time="0.0">
    <ignored/>
  </testcase> <!-- launchBrowser -->
  <testcase classname="com.Bibhu.WebAutomation.checkBox" name="checkBoxOperations" time="0.0">
    <ignored/>
  </testcase> <!-- checkBoxOperations -->
  <testcase classname="com.Bibhu.WebAutomation.dropdowns" name="launchBrowser" time="0.0">
    <ignored/>
  </testcase> <!-- launchBrowser -->
  <testcase classname="com.Bibhu.WebAutomation.launchChromeBrowser" name="selectProduct" time="0.0">
    <ignored/>
  </testcase> <!-- selectProduct -->
  <testcase classname="com.Bibhu.WebAutomation.WebTableHandle" name="webTableOperation" time="0.0">
    <ignored/>
  </testcase> <!-- webTableOperation -->
  <testcase classname="com.Bibhu.WebAutomation.IframesHandle" name="launchApplication" time="0.0">
    <ignored/>
  </testcase> <!-- launchApplication -->
  <testcase classname="com.Bibhu.WebAutomation.dropdowns" name="dropdownTitle" time="0.0">
    <ignored/>
  </testcase> <!-- dropdownTitle -->
  <testcase classname="com.Bibhu.WebAutomation.launchChromeBrowser" name="VerifyItemAddedToCart" time="0.0">
    <ignored/>
  </testcase> <!-- VerifyItemAddedToCart -->
  <testcase classname="com.Bibhu.WebAutomation.dropdowns" name="launchApplication" time="0.0">
    <ignored/>
  </testcase> <!-- launchApplication -->
  <testcase classname="com.Bibhu.WebAutomation.WindowsHandle" name="launchApplication" time="0.0">
    <ignored/>
  </testcase> <!-- launchApplication -->
  <testcase classname="com.Bibhu.WebAutomation.RadioButtons" name="RadioButtonOperations" time="0.0">
    <ignored/>
  </testcase> <!-- RadioButtonOperations -->
  <testcase classname="com.Bibhu.WebAutomation.checkBox" name="launchBrowser" time="0.0">
    <ignored/>
  </testcase> <!-- launchBrowser -->
  <testcase classname="com.Bibhu.WebAutomation.confirmationPopHandle" name="launchBrowser" time="0.0">
    <ignored/>
  </testcase> <!-- launchBrowser -->
  <testcase classname="com.Bibhu.ObjectRepository.DataProviderTest" name="receiveTestData" time="0.0">
    <ignored/>
  </testcase> <!-- receiveTestData -->
  <testcase classname="com.Bibhu.WebAutomation.IframesHandle" name="verifyTitleofIframe" time="0.0">
    <ignored/>
  </testcase> <!-- verifyTitleofIframe -->
  <testcase classname="com.Bibhu.WebAutomation.IframesHandle" name="iframeOperation" time="0.0">
    <ignored/>
  </testcase> <!-- iframeOperation -->
  <testcase classname="com.Bibhu.WebAutomation.RadioButtons" name="launchApplication" time="0.0">
    <ignored/>
  </testcase> <!-- launchApplication -->
  <testcase classname="com.Bibhu.WebAutomation.SearchAutosugesstion" name="launchApplication" time="0.0">
    <ignored/>
  </testcase> <!-- launchApplication -->
  <testcase classname="com.Bibhu.WebAutomation.TabHandle" name="windowsTabOperations" time="0.0">
    <ignored/>
  </testcase> <!-- windowsTabOperations -->
  <testcase classname="com.Bibhu.WebAutomation.RadioButtons" name="verifyRadioButtonPageTitle" time="0.0">
    <ignored/>
  </testcase> <!-- verifyRadioButtonPageTitle -->
  <testcase classname="com.Bibhu.WebAutomation.dropdowns" name="SelectAllOptionsDropdown" time="0.0">
    <ignored/>
  </testcase> <!-- SelectAllOptionsDropdown -->
  <testcase classname="com.Bibhu.WebAutomation.checkBox" name="verifyTitleOfCheckbox" time="0.0">
    <ignored/>
  </testcase> <!-- verifyTitleOfCheckbox -->
  <testcase classname="com.Bibhu.WebAutomation.WebTableHandle" name="launchBrowser" time="0.0">
    <ignored/>
  </testcase> <!-- launchBrowser -->
  <testcase classname="com.Bibhu.WebAutomation.TabHandle" name="titleofWindowsTab" time="0.0">
    <ignored/>
  </testcase> <!-- titleofWindowsTab -->
  <testcase classname="com.Bibhu.WebAutomation.TabHandle" name="launchBrowser" time="0.0">
    <ignored/>
  </testcase> <!-- launchBrowser -->
  <testcase classname="com.Bibhu.WebAutomation.TabHandle" name="launchApplication" time="0.0">
    <ignored/>
  </testcase> <!-- launchApplication -->
  <testcase classname="com.Bibhu.WebAutomation.WebTableHandle" name="titleOfWebLink" time="0.0">
    <ignored/>
  </testcase> <!-- titleOfWebLink -->
  <testcase classname="com.Bibhu.WebAutomation.SearchAutosugesstion" name="searchAutoSuggestion" time="0.0">
    <ignored/>
  </testcase> <!-- searchAutoSuggestion -->
  <testcase classname="com.Bibhu.WebAutomation.WebTableHandle" name="launchApplication" time="0.0">
    <ignored/>
  </testcase> <!-- launchApplication -->
  <testcase classname="com.Bibhu.WebAutomation.WindowsHandle" name="launchBrowser" time="0.0">
    <ignored/>
  </testcase> <!-- launchBrowser -->
  <testcase classname="com.Bibhu.WebAutomation.confirmationPopHandle" name="confirmationpopUpOperations" time="0.0">
    <ignored/>
  </testcase> <!-- confirmationpopUpOperations -->
  <testcase classname="com.Bibhu.WebAutomation.confirmationPopHandle" name="titleOfAlertPop" time="0.0">
    <ignored/>
  </testcase> <!-- titleOfAlertPop -->
  <testcase classname="com.Bibhu.WebAutomation.RadioButtons" name="launchBrowser" time="0.0">
    <ignored/>
  </testcase> <!-- launchBrowser -->
  <testcase classname="com.Bibhu.WebAutomation.SearchAutosugesstion" name="launchBrowser" time="0.0">
    <ignored/>
  </testcase> <!-- launchBrowser -->
</testsuite> <!-- Test -->
