<?xml version="1.0" encoding="UTF-8"?>
<testsuite xmlns:xsi="http://www.w3.org/2001/XMLSchema-instance" xsi:noNamespaceSchemaLocation="https://maven.apache.org/surefire/maven-surefire-plugin/xsd/surefire-test-report.xsd" name="TestSuite" time="404.323" tests="46" errors="0" skipped="0" failures="3">
  <properties>
[...]
</properties>
  <testcase name="launchBrowser" classname="com.Bibhu.WebAutomation.TabHandle" time="5.109"/>
  <testcase name="launchApplication" classname="com.Bibhu.WebAutomation.TabHandle" time="13.555"/>
  <testcase name="titleofWindowsTab" classname="com.Bibhu.WebAutomation.TabHandle" time="0.708"/>
  <testcase name="windowsTabOperations" classname="com.Bibhu.WebAutomation.TabHandle" time="10.283"/>
  <testcase name="launchBrowser" classname="com.Bibhu.WebAutomation.confirmationPopHandle" time="4.035"/>
  <testcase name="launchApplication" classname="com.Bibhu.WebAutomation.confirmationPopHandle" time="18.969"/>
  <testcase name="confirmationpopUpOperations" classname="com.Bibhu.WebAutomation.confirmationPopHandle" time="25.737"/>
  <testcase name="titleOfAlertPop" classname="com.Bibhu.WebAutomation.confirmationPopHandle" time="0.053"/>
  <testcase name="receiveTestData" classname="com.Bibhu.ObjectRepository.DataProviderTest" time="0"/>
  <testcase name="receiveTestData" classname="com.Bibhu.ObjectRepository.DataProviderTest" time="0.002"/>
  <testcase name="receiveTestData" classname="com.Bibhu.ObjectRepository.DataProviderTest" time="0"/>
  <testcase name="testParameterAtSuiteLevel" classname="com.Bibhu.Parameterization.parameterizationTest" time="0"/>
  <testcase name="launchBrowser" classname="com.Bibhu.WebAutomation.launchChromeBrowser" time="3.364"/>
  <testcase name="launchApplication" classname="com.Bibhu.WebAutomation.launchChromeBrowser" time="18.259"/>
  <testcase name="selectProduct" classname="com.Bibhu.WebAutomation.launchChromeBrowser" time="7.708"/>
  <testcase name="verifyHomePageTitle" classname="com.Bibhu.WebAutomation.launchChromeBrowser" time="0.011"/>
  <testcase name="VerifyItemAddedToCart" classname="com.Bibhu.WebAutomation.launchChromeBrowser" time="0.257"/>
  <testcase name="readConfigProperties1" classname="com.Bibhu.ObjectRepository.readPropertiesTest" time="0.001"/>
  <testcase name="readConfigProperties2" classname="com.Bibhu.ObjectRepository.readPropertiesTest" time="0.003"/>
  <testcase name="launchBrowser" classname="com.Bibhu.WebAutomation.WindowsHandle" time="3.448"/>
  <testcase name="launchApplication" classname="com.Bibhu.WebAutomation.WindowsHandle" time="12.871"/>
  <testcase name="titleofWindows" classname="com.Bibhu.WebAutomation.WindowsHandle" time="0.38"/>
  <testcase name="windowsOperations" classname="com.Bibhu.WebAutomation.WindowsHandle" time="16.468"/>
  <testcase name="launchBrowser" classname="com.Bibhu.WebAutomation.IframesHandle" time="3.717"/>
  <testcase name="launchApplication" classname="com.Bibhu.WebAutomation.IframesHandle" time="17.347"/>
  <testcase name="iframeOperation" classname="com.Bibhu.WebAutomation.IframesHandle" time="20.251"/>
  <testcase name="verifyTitleofIframe" classname="com.Bibhu.WebAutomation.IframesHandle" time="5.105">
    <failure message="no such element: Unable to locate element: {&quot;method&quot;:&quot;xpath&quot;,&quot;selector&quot;:&quot;/html/body/div[5]/fieldset/legend&quot;}&#10;  (Session info: chrome=119.0.6045.160)&#10;For documentation on this error, please visit: https://www.selenium.dev/documentation/webdriver/troubleshooting/errors#no-such-element-exception&#10;Build info: version: &apos;4.15.0&apos;, revision: &apos;1d14b5521b&apos;&#10;System info: os.name: &apos;Windows 10&apos;, os.arch: &apos;amd64&apos;, os.version: &apos;10.0&apos;, java.version: &apos;17.0.9&apos;&#10;Driver info: org.openqa.selenium.chrome.ChromeDriver&#10;Command: [d5f64e434ec673f70d3993553fbc328a, findElement {using=xpath, value=/html/body/div[5]/fieldset/legend}]&#10;Capabilities {acceptInsecureCerts: false, browserName: chrome, browserVersion: 119.0.6045.160, chrome: {chromedriverVersion: 119.0.6045.159 (eaa767197fa..., userDataDir: C:\Users\Bibhu\AppData\Loca...}, fedcm:accounts: true, goog:chromeOptions: {debuggerAddress: localhost:49277}, networkConnectionEnabled: false, pageLoadStrategy: normal, platformName: windows, proxy: Proxy(), se:cdp: ws://localhost:49277/devtoo..., se:cdpVersion: 119.0.6045.160, setWindowRect: true, strictFileInteractability: false, timeouts: {implicit: 0, pageLoad: 300000, script: 30000}, unhandledPromptBehavior: dismiss and notify, webauthn:extension:credBlob: true, webauthn:extension:largeBlob: true, webauthn:extension:minPinLength: true, webauthn:extension:prf: true, webauthn:virtualAuthenticators: true}&#10;Session ID: d5f64e434ec673f70d3993553fbc328a" type="org.openqa.selenium.NoSuchElementException">org.openqa.selenium.NoSuchElementException: 
no such element: Unable to locate element: {"method":"xpath","selector":"/html/body/div[5]/fieldset/legend"}
  (Session info: chrome=119.0.6045.160)
For documentation on this error, please visit: https://www.selenium.dev/documentation/webdriver/troubleshooting/errors#no-such-element-exception
Build info: version: '4.15.0', revision: '1d14b5521b'
System info: os.name: 'Windows 10', os.arch: 'amd64', os.version: '10.0', java.version: '17.0.9'
Driver info: org.openqa.selenium.chrome.ChromeDriver
Command: [d5f64e434ec673f70d3993553fbc328a, findElement {using=xpath, value=/html/body/div[5]/fieldset/legend}]
Capabilities {acceptInsecureCerts: false, browserName: chrome, browserVersion: 119.0.6045.160, chrome: {chromedriverVersion: 119.0.6045.159 (eaa767197fa..., userDataDir: C:\Users\Bibhu\AppData\Loca...}, fedcm:accounts: true, goog:chromeOptions: {debuggerAddress: localhost:49277}, networkConnectionEnabled: false, pageLoadStrategy: normal, platformName: windows, proxy: Proxy(), se:cdp: ws://localhost:49277/devtoo..., se:cdpVersion: 119.0.6045.160, setWindowRect: true, strictFileInteractability: false, timeouts: {implicit: 0, pageLoad: 300000, script: 30000}, unhandledPromptBehavior: dismiss and notify, webauthn:extension:credBlob: true, webauthn:extension:largeBlob: true, webauthn:extension:minPinLength: true, webauthn:extension:prf: true, webauthn:virtualAuthenticators: true}
Session ID: d5f64e434ec673f70d3993553fbc328a
	at com.Bibhu.WebAutomation.IframesHandle.verifyTitleofIframe(IframesHandle.java:70)
</failure>
  </testcase>
  <testcase name="launchBrowser" classname="com.Bibhu.WebAutomation.WebTableHandle" time="3.799"/>
  <testcase name="launchApplication" classname="com.Bibhu.WebAutomation.WebTableHandle" time="19.427"/>
  <testcase name="titleOfWebLink" classname="com.Bibhu.WebAutomation.WebTableHandle" time="0.42"/>
  <testcase name="webTableOperation" classname="com.Bibhu.WebAutomation.WebTableHandle" time="5.494"/>
  <testcase name="launchBrowser" classname="com.Bibhu.WebAutomation.RadioButtons" time="5.607"/>
  <testcase name="launchApplication" classname="com.Bibhu.WebAutomation.RadioButtons" time="23.439"/>
  <testcase name="RadioButtonOperations" classname="com.Bibhu.WebAutomation.RadioButtons" time="20.121">
    <failure message="no such element: Unable to locate element: {&quot;method&quot;:&quot;xpath&quot;,&quot;selector&quot;:&quot;//*[@id=&quot;radio-btn-example&quot;]/fieldset/label[1]/input&quot;}&#10;  (Session info: chrome=119.0.6045.160)&#10;For documentation on this error, please visit: https://www.selenium.dev/documentation/webdriver/troubleshooting/errors#no-such-element-exception&#10;Build info: version: &apos;4.15.0&apos;, revision: &apos;1d14b5521b&apos;&#10;System info: os.name: &apos;Windows 10&apos;, os.arch: &apos;amd64&apos;, os.version: &apos;10.0&apos;, java.version: &apos;17.0.9&apos;&#10;Driver info: org.openqa.selenium.chrome.ChromeDriver&#10;Command: [4943a1f85df76d769077bf8f07ec2e5c, findElement {using=xpath, value=//*[@id=&quot;radio-btn-example&quot;]/fieldset/label[1]/input}]&#10;Capabilities {acceptInsecureCerts: false, browserName: chrome, browserVersion: 119.0.6045.160, chrome: {chromedriverVersion: 119.0.6045.159 (eaa767197fa..., userDataDir: C:\Users\Bibhu\AppData\Loca...}, fedcm:accounts: true, goog:chromeOptions: {debuggerAddress: localhost:49365}, networkConnectionEnabled: false, pageLoadStrategy: normal, platformName: windows, proxy: Proxy(), se:cdp: ws://localhost:49365/devtoo..., se:cdpVersion: 119.0.6045.160, setWindowRect: true, strictFileInteractability: false, timeouts: {implicit: 0, pageLoad: 300000, script: 30000}, unhandledPromptBehavior: dismiss and notify, webauthn:extension:credBlob: true, webauthn:extension:largeBlob: true, webauthn:extension:minPinLength: true, webauthn:extension:prf: true, webauthn:virtualAuthenticators: true}&#10;Session ID: 4943a1f85df76d769077bf8f07ec2e5c" type="org.openqa.selenium.NoSuchElementException">org.openqa.selenium.NoSuchElementException: 
no such element: Unable to locate element: {"method":"xpath","selector":"//*[@id="radio-btn-example"]/fieldset/label[1]/input"}
  (Session info: chrome=119.0.6045.160)
For documentation on this error, please visit: https://www.selenium.dev/documentation/webdriver/troubleshooting/errors#no-such-element-exception
Build info: version: '4.15.0', revision: '1d14b5521b'
System info: os.name: 'Windows 10', os.arch: 'amd64', os.version: '10.0', java.version: '17.0.9'
Driver info: org.openqa.selenium.chrome.ChromeDriver
Command: [4943a1f85df76d769077bf8f07ec2e5c, findElement {using=xpath, value=//*[@id="radio-btn-example"]/fieldset/label[1]/input}]
Capabilities {acceptInsecureCerts: false, browserName: chrome, browserVersion: 119.0.6045.160, chrome: {chromedriverVersion: 119.0.6045.159 (eaa767197fa..., userDataDir: C:\Users\Bibhu\AppData\Loca...}, fedcm:accounts: true, goog:chromeOptions: {debuggerAddress: localhost:49365}, networkConnectionEnabled: false, pageLoadStrategy: normal, platformName: windows, proxy: Proxy(), se:cdp: ws://localhost:49365/devtoo..., se:cdpVersion: 119.0.6045.160, setWindowRect: true, strictFileInteractability: false, timeouts: {implicit: 0, pageLoad: 300000, script: 30000}, unhandledPromptBehavior: dismiss and notify, webauthn:extension:credBlob: true, webauthn:extension:largeBlob: true, webauthn:extension:minPinLength: true, webauthn:extension:prf: true, webauthn:virtualAuthenticators: true}
Session ID: 4943a1f85df76d769077bf8f07ec2e5c
	at com.Bibhu.WebAutomation.RadioButtons.RadioButtonOperations(RadioButtons.java:65)
</failure>
  </testcase>
  <testcase name="verifyRadioButtonPageTitle" classname="com.Bibhu.WebAutomation.RadioButtons" time="20.061">
    <failure message="no such element: Unable to locate element: {&quot;method&quot;:&quot;xpath&quot;,&quot;selector&quot;:&quot;//*[@id=&quot;radio-btn-example&quot;]/fieldset/legend&quot;}&#10;  (Session info: chrome=119.0.6045.160)&#10;For documentation on this error, please visit: https://www.selenium.dev/documentation/webdriver/troubleshooting/errors#no-such-element-exception&#10;Build info: version: &apos;4.15.0&apos;, revision: &apos;1d14b5521b&apos;&#10;System info: os.name: &apos;Windows 10&apos;, os.arch: &apos;amd64&apos;, os.version: &apos;10.0&apos;, java.version: &apos;17.0.9&apos;&#10;Driver info: org.openqa.selenium.chrome.ChromeDriver&#10;Command: [4943a1f85df76d769077bf8f07ec2e5c, findElement {using=xpath, value=//*[@id=&quot;radio-btn-example&quot;]/fieldset/legend}]&#10;Capabilities {acceptInsecureCerts: false, browserName: chrome, browserVersion: 119.0.6045.160, chrome: {chromedriverVersion: 119.0.6045.159 (eaa767197fa..., userDataDir: C:\Users\Bibhu\AppData\Loca...}, fedcm:accounts: true, goog:chromeOptions: {debuggerAddress: localhost:49365}, networkConnectionEnabled: false, pageLoadStrategy: normal, platformName: windows, proxy: Proxy(), se:cdp: ws://localhost:49365/devtoo..., se:cdpVersion: 119.0.6045.160, setWindowRect: true, strictFileInteractability: false, timeouts: {implicit: 0, pageLoad: 300000, script: 30000}, unhandledPromptBehavior: dismiss and notify, webauthn:extension:credBlob: true, webauthn:extension:largeBlob: true, webauthn:extension:minPinLength: true, webauthn:extension:prf: true, webauthn:virtualAuthenticators: true}&#10;Session ID: 4943a1f85df76d769077bf8f07ec2e5c" type="org.openqa.selenium.NoSuchElementException">org.openqa.selenium.NoSuchElementException: 
no such element: Unable to locate element: {"method":"xpath","selector":"//*[@id="radio-btn-example"]/fieldset/legend"}
  (Session info: chrome=119.0.6045.160)
For documentation on this error, please visit: https://www.selenium.dev/documentation/webdriver/troubleshooting/errors#no-such-element-exception
Build info: version: '4.15.0', revision: '1d14b5521b'
System info: os.name: 'Windows 10', os.arch: 'amd64', os.version: '10.0', java.version: '17.0.9'
Driver info: org.openqa.selenium.chrome.ChromeDriver
Command: [4943a1f85df76d769077bf8f07ec2e5c, findElement {using=xpath, value=//*[@id="radio-btn-example"]/fieldset/legend}]
Capabilities {acceptInsecureCerts: false, browserName: chrome, browserVersion: 119.0.6045.160, chrome: {chromedriverVersion: 119.0.6045.159 (eaa767197fa..., userDataDir: C:\Users\Bibhu\AppData\Loca...}, fedcm:accounts: true, goog:chromeOptions: {debuggerAddress: localhost:49365}, networkConnectionEnabled: false, pageLoadStrategy: normal, platformName: windows, proxy: Proxy(), se:cdp: ws://localhost:49365/devtoo..., se:cdpVersion: 119.0.6045.160, setWindowRect: true, strictFileInteractability: false, timeouts: {implicit: 0, pageLoad: 300000, script: 30000}, unhandledPromptBehavior: dismiss and notify, webauthn:extension:credBlob: true, webauthn:extension:largeBlob: true, webauthn:extension:minPinLength: true, webauthn:extension:prf: true, webauthn:virtualAuthenticators: true}
Session ID: 4943a1f85df76d769077bf8f07ec2e5c
	at com.Bibhu.WebAutomation.RadioButtons.verifyRadioButtonPageTitle(RadioButtons.java:53)
</failure>
  </testcase>
  <testcase name="launchBrowser" classname="com.Bibhu.WebAutomation.checkBox" time="3.876"/>
  <testcase name="launchApplication" classname="com.Bibhu.WebAutomation.checkBox" time="15.374"/>
  <testcase name="checkBoxOperations" classname="com.Bibhu.WebAutomation.checkBox" time="5.683"/>
  <testcase name="verifyTitleOfCheckbox" classname="com.Bibhu.WebAutomation.checkBox" time="0.051"/>
  <testcase name="launchBrowser" classname="com.Bibhu.WebAutomation.dropdowns" time="3.671"/>
  <testcase name="launchApplication" classname="com.Bibhu.WebAutomation.dropdowns" time="23.171"/>
  <testcase name="SelectAllOptionsDropdown" classname="com.Bibhu.WebAutomation.dropdowns" time="1.051"/>
  <testcase name="dropdownTitle" classname="com.Bibhu.WebAutomation.dropdowns" time="4.276"/>
  <testcase name="launchBrowser" classname="com.Bibhu.WebAutomation.SearchAutosugesstion" time="4.938"/>
  <testcase name="launchApplication" classname="com.Bibhu.WebAutomation.SearchAutosugesstion" time="31.705"/>
  <testcase name="searchAutoSuggestion" classname="com.Bibhu.WebAutomation.SearchAutosugesstion" time="5.764"/>
</testsuite>